2023-10-12 10:34:44,373:WARNING:
'cuml' is a soft dependency and not included in the pycaret installation. Please run: `pip install cuml` to install.
2023-10-12 10:34:44,373:WARNING:
'cuml' is a soft dependency and not included in the pycaret installation. Please run: `pip install cuml` to install.
2023-10-12 10:34:44,373:WARNING:
'cuml' is a soft dependency and not included in the pycaret installation. Please run: `pip install cuml` to install.
2023-10-12 10:34:44,373:WARNING:
'cuml' is a soft dependency and not included in the pycaret installation. Please run: `pip install cuml` to install.
2023-10-12 10:34:46,693:INFO:PyCaret RegressionExperiment
2023-10-12 10:34:46,693:INFO:Logging name: reg-default-name
2023-10-12 10:34:46,693:INFO:ML Usecase: MLUsecase.REGRESSION
2023-10-12 10:34:46,694:INFO:version 3.1.0
2023-10-12 10:34:46,694:INFO:Initializing setup()
2023-10-12 10:34:46,694:INFO:self.USI: 6892
2023-10-12 10:34:46,696:INFO:self._variable_keys: {'memory', 'X_test', 'n_jobs_param', 'exp_id', 'data', 'fold_groups_param', 'fold_generator', 'X', '_available_plots', 'gpu_n_jobs_param', 'X_train', 'logging_param', 'exp_name_log', 'y_test', 'y_train', 'idx', 'USI', 'fold_shuffle_param', 'seed', 'log_plots_param', 'y', '_ml_usecase', 'gpu_param', 'target_param', 'html_param', 'transform_target_param', 'pipeline'}
2023-10-12 10:34:46,696:INFO:Checking environment
2023-10-12 10:34:46,696:INFO:python_version: 3.8.18
2023-10-12 10:34:46,696:INFO:python_build: ('default', 'Sep 11 2023 13:39:12')
2023-10-12 10:34:46,696:INFO:machine: AMD64
2023-10-12 10:34:46,696:INFO:platform: Windows-10-10.0.22621-SP0
2023-10-12 10:34:46,696:INFO:Memory: svmem(total=16309932032, available=3024683008, percent=81.5, used=13285249024, free=3024683008)
2023-10-12 10:34:46,697:INFO:Physical Core: 6
2023-10-12 10:34:46,697:INFO:Logical Core: 12
2023-10-12 10:34:46,697:INFO:Checking libraries
2023-10-12 10:34:46,697:INFO:System:
2023-10-12 10:34:46,697:INFO:    python: 3.8.18 (default, Sep 11 2023, 13:39:12) [MSC v.1916 64 bit (AMD64)]
2023-10-12 10:34:46,697:INFO:executable: c:\Users\nasut\anaconda3\envs\PyCaretEnv\python.exe
2023-10-12 10:34:46,697:INFO:   machine: Windows-10-10.0.22621-SP0
2023-10-12 10:34:46,697:INFO:PyCaret required dependencies:
2023-10-12 10:34:46,747:INFO:                 pip: 23.2.1
2023-10-12 10:34:46,748:INFO:          setuptools: 68.0.0
2023-10-12 10:34:46,748:INFO:             pycaret: 3.1.0
2023-10-12 10:34:46,748:INFO:             IPython: 8.12.3
2023-10-12 10:34:46,748:INFO:          ipywidgets: 8.1.1
2023-10-12 10:34:46,748:INFO:                tqdm: 4.66.1
2023-10-12 10:34:46,748:INFO:               numpy: 1.23.5
2023-10-12 10:34:46,748:INFO:              pandas: 1.5.3
2023-10-12 10:34:46,748:INFO:              jinja2: 3.1.2
2023-10-12 10:34:46,748:INFO:               scipy: 1.10.1
2023-10-12 10:34:46,748:INFO:              joblib: 1.3.2
2023-10-12 10:34:46,748:INFO:             sklearn: 1.2.2
2023-10-12 10:34:46,748:INFO:                pyod: 1.1.0
2023-10-12 10:34:46,748:INFO:            imblearn: 0.11.0
2023-10-12 10:34:46,748:INFO:   category_encoders: 2.6.2
2023-10-12 10:34:46,748:INFO:            lightgbm: 4.1.0
2023-10-12 10:34:46,748:INFO:               numba: 0.58.0
2023-10-12 10:34:46,748:INFO:            requests: 2.31.0
2023-10-12 10:34:46,748:INFO:          matplotlib: 3.7.3
2023-10-12 10:34:46,748:INFO:          scikitplot: 0.3.7
2023-10-12 10:34:46,748:INFO:         yellowbrick: 1.5
2023-10-12 10:34:46,748:INFO:              plotly: 5.17.0
2023-10-12 10:34:46,748:INFO:    plotly-resampler: Not installed
2023-10-12 10:34:46,749:INFO:             kaleido: 0.2.1
2023-10-12 10:34:46,749:INFO:           schemdraw: 0.15
2023-10-12 10:34:46,749:INFO:         statsmodels: 0.14.0
2023-10-12 10:34:46,749:INFO:              sktime: 0.21.1
2023-10-12 10:34:46,749:INFO:               tbats: 1.1.3
2023-10-12 10:34:46,749:INFO:            pmdarima: 2.0.3
2023-10-12 10:34:46,749:INFO:              psutil: 5.9.5
2023-10-12 10:34:46,749:INFO:          markupsafe: 2.1.3
2023-10-12 10:34:46,749:INFO:             pickle5: Not installed
2023-10-12 10:34:46,749:INFO:         cloudpickle: 2.2.1
2023-10-12 10:34:46,749:INFO:         deprecation: 2.1.0
2023-10-12 10:34:46,749:INFO:              xxhash: 3.4.1
2023-10-12 10:34:46,749:INFO:           wurlitzer: Not installed
2023-10-12 10:34:46,749:INFO:PyCaret optional dependencies:
2023-10-12 10:34:46,802:INFO:                shap: Not installed
2023-10-12 10:34:46,803:INFO:           interpret: Not installed
2023-10-12 10:34:46,803:INFO:                umap: Not installed
2023-10-12 10:34:46,803:INFO:     ydata_profiling: Not installed
2023-10-12 10:34:46,803:INFO:  explainerdashboard: Not installed
2023-10-12 10:34:46,803:INFO:             autoviz: Not installed
2023-10-12 10:34:46,803:INFO:           fairlearn: Not installed
2023-10-12 10:34:46,803:INFO:          deepchecks: Not installed
2023-10-12 10:34:46,803:INFO:             xgboost: 2.0.0
2023-10-12 10:34:46,803:INFO:            catboost: Not installed
2023-10-12 10:34:46,803:INFO:              kmodes: Not installed
2023-10-12 10:34:46,803:INFO:             mlxtend: Not installed
2023-10-12 10:34:46,803:INFO:       statsforecast: Not installed
2023-10-12 10:34:46,803:INFO:        tune_sklearn: Not installed
2023-10-12 10:34:46,803:INFO:                 ray: Not installed
2023-10-12 10:34:46,803:INFO:            hyperopt: Not installed
2023-10-12 10:34:46,803:INFO:              optuna: Not installed
2023-10-12 10:34:46,803:INFO:               skopt: Not installed
2023-10-12 10:34:46,803:INFO:              mlflow: Not installed
2023-10-12 10:34:46,803:INFO:              gradio: Not installed
2023-10-12 10:34:46,803:INFO:             fastapi: Not installed
2023-10-12 10:34:46,803:INFO:             uvicorn: Not installed
2023-10-12 10:34:46,804:INFO:              m2cgen: Not installed
2023-10-12 10:34:46,804:INFO:           evidently: Not installed
2023-10-12 10:34:46,804:INFO:               fugue: Not installed
2023-10-12 10:34:46,804:INFO:           streamlit: 1.27.2
2023-10-12 10:34:46,804:INFO:             prophet: Not installed
2023-10-12 10:34:46,804:INFO:None
2023-10-12 10:34:46,804:INFO:Set up data.
2023-10-12 10:34:47,708:INFO:Set up folding strategy.
2023-10-12 10:34:47,709:INFO:Set up train/test split.
2023-10-12 10:34:48,108:INFO:Set up index.
2023-10-12 10:34:48,127:INFO:Assigning column types.
2023-10-12 10:34:48,357:INFO:Engine successfully changes for model 'lr' to 'sklearn'.
2023-10-12 10:34:48,358:INFO:Engine for model 'lasso' has not been set explicitly, hence returning None.
2023-10-12 10:34:48,363:INFO:Engine for model 'ridge' has not been set explicitly, hence returning None.
2023-10-12 10:34:48,369:INFO:Engine for model 'en' has not been set explicitly, hence returning None.
2023-10-12 10:34:48,655:INFO:Engine for model 'svm' has not been set explicitly, hence returning None.
2023-10-12 10:34:48,725:INFO:Engine for model 'knn' has not been set explicitly, hence returning None.
2023-10-12 10:34:48,725:INFO:Soft dependency imported: xgboost: 2.0.0
2023-10-12 10:34:48,725:WARNING:
'catboost' is a soft dependency and not included in the pycaret installation. Please run: `pip install catboost` to install.
Alternately, you can install this by running `pip install pycaret[models]`
2023-10-12 10:34:48,730:INFO:Engine for model 'lasso' has not been set explicitly, hence returning None.
2023-10-12 10:34:48,736:INFO:Engine for model 'ridge' has not been set explicitly, hence returning None.
2023-10-12 10:34:48,740:INFO:Engine for model 'en' has not been set explicitly, hence returning None.
2023-10-12 10:34:48,981:INFO:Engine for model 'svm' has not been set explicitly, hence returning None.
2023-10-12 10:34:49,043:INFO:Engine for model 'knn' has not been set explicitly, hence returning None.
2023-10-12 10:34:49,044:INFO:Soft dependency imported: xgboost: 2.0.0
2023-10-12 10:34:49,047:WARNING:
'catboost' is a soft dependency and not included in the pycaret installation. Please run: `pip install catboost` to install.
Alternately, you can install this by running `pip install pycaret[models]`
2023-10-12 10:34:49,047:INFO:Engine successfully changes for model 'lasso' to 'sklearn'.
2023-10-12 10:34:49,054:INFO:Engine for model 'ridge' has not been set explicitly, hence returning None.
2023-10-12 10:34:49,058:INFO:Engine for model 'en' has not been set explicitly, hence returning None.
2023-10-12 10:34:49,305:INFO:Engine for model 'svm' has not been set explicitly, hence returning None.
2023-10-12 10:34:49,354:INFO:Engine for model 'knn' has not been set explicitly, hence returning None.
2023-10-12 10:34:49,361:INFO:Soft dependency imported: xgboost: 2.0.0
2023-10-12 10:34:49,362:WARNING:
'catboost' is a soft dependency and not included in the pycaret installation. Please run: `pip install catboost` to install.
Alternately, you can install this by running `pip install pycaret[models]`
2023-10-12 10:34:49,371:INFO:Engine for model 'ridge' has not been set explicitly, hence returning None.
2023-10-12 10:34:49,372:INFO:Engine for model 'en' has not been set explicitly, hence returning None.
2023-10-12 10:34:49,621:INFO:Engine for model 'svm' has not been set explicitly, hence returning None.
2023-10-12 10:34:49,676:INFO:Engine for model 'knn' has not been set explicitly, hence returning None.
2023-10-12 10:34:49,676:INFO:Soft dependency imported: xgboost: 2.0.0
2023-10-12 10:34:49,681:WARNING:
'catboost' is a soft dependency and not included in the pycaret installation. Please run: `pip install catboost` to install.
Alternately, you can install this by running `pip install pycaret[models]`
2023-10-12 10:34:49,681:INFO:Engine successfully changes for model 'ridge' to 'sklearn'.
2023-10-12 10:34:49,693:INFO:Engine for model 'en' has not been set explicitly, hence returning None.
2023-10-12 10:34:49,936:INFO:Engine for model 'svm' has not been set explicitly, hence returning None.
2023-10-12 10:34:49,991:INFO:Engine for model 'knn' has not been set explicitly, hence returning None.
2023-10-12 10:34:49,998:INFO:Soft dependency imported: xgboost: 2.0.0
2023-10-12 10:34:50,001:WARNING:
'catboost' is a soft dependency and not included in the pycaret installation. Please run: `pip install catboost` to install.
Alternately, you can install this by running `pip install pycaret[models]`
2023-10-12 10:34:50,013:INFO:Engine for model 'en' has not been set explicitly, hence returning None.
2023-10-12 10:34:50,281:INFO:Engine for model 'svm' has not been set explicitly, hence returning None.
2023-10-12 10:34:50,341:INFO:Engine for model 'knn' has not been set explicitly, hence returning None.
2023-10-12 10:34:50,341:INFO:Soft dependency imported: xgboost: 2.0.0
2023-10-12 10:34:50,344:WARNING:
'catboost' is a soft dependency and not included in the pycaret installation. Please run: `pip install catboost` to install.
Alternately, you can install this by running `pip install pycaret[models]`
2023-10-12 10:34:50,344:INFO:Engine successfully changes for model 'en' to 'sklearn'.
2023-10-12 10:34:50,645:INFO:Engine for model 'svm' has not been set explicitly, hence returning None.
2023-10-12 10:34:50,699:INFO:Engine for model 'knn' has not been set explicitly, hence returning None.
2023-10-12 10:34:50,699:INFO:Soft dependency imported: xgboost: 2.0.0
2023-10-12 10:34:50,703:WARNING:
'catboost' is a soft dependency and not included in the pycaret installation. Please run: `pip install catboost` to install.
Alternately, you can install this by running `pip install pycaret[models]`
2023-10-12 10:34:50,983:INFO:Engine for model 'svm' has not been set explicitly, hence returning None.
2023-10-12 10:34:51,039:INFO:Engine for model 'knn' has not been set explicitly, hence returning None.
2023-10-12 10:34:51,040:INFO:Soft dependency imported: xgboost: 2.0.0
2023-10-12 10:34:51,043:WARNING:
'catboost' is a soft dependency and not included in the pycaret installation. Please run: `pip install catboost` to install.
Alternately, you can install this by running `pip install pycaret[models]`
2023-10-12 10:34:51,044:INFO:Engine successfully changes for model 'knn' to 'sklearn'.
2023-10-12 10:34:51,337:INFO:Engine for model 'svm' has not been set explicitly, hence returning None.
2023-10-12 10:34:51,392:INFO:Soft dependency imported: xgboost: 2.0.0
2023-10-12 10:34:51,395:WARNING:
'catboost' is a soft dependency and not included in the pycaret installation. Please run: `pip install catboost` to install.
Alternately, you can install this by running `pip install pycaret[models]`
2023-10-12 10:34:51,686:INFO:Engine for model 'svm' has not been set explicitly, hence returning None.
2023-10-12 10:34:51,741:INFO:Soft dependency imported: xgboost: 2.0.0
2023-10-12 10:34:51,744:WARNING:
'catboost' is a soft dependency and not included in the pycaret installation. Please run: `pip install catboost` to install.
Alternately, you can install this by running `pip install pycaret[models]`
2023-10-12 10:34:51,745:INFO:Engine successfully changes for model 'svm' to 'sklearn'.
2023-10-12 10:34:52,091:INFO:Soft dependency imported: xgboost: 2.0.0
2023-10-12 10:34:52,094:WARNING:
'catboost' is a soft dependency and not included in the pycaret installation. Please run: `pip install catboost` to install.
Alternately, you can install this by running `pip install pycaret[models]`
2023-10-12 10:34:52,438:INFO:Soft dependency imported: xgboost: 2.0.0
2023-10-12 10:34:52,441:WARNING:
'catboost' is a soft dependency and not included in the pycaret installation. Please run: `pip install catboost` to install.
Alternately, you can install this by running `pip install pycaret[models]`
2023-10-12 10:34:52,501:INFO:Preparing preprocessing pipeline...
2023-10-12 10:34:52,501:INFO:Set up simple imputation.
2023-10-12 10:34:52,641:INFO:Set up encoding of categorical features.
2023-10-12 10:34:52,667:INFO:Set up column name cleaning.
2023-10-12 10:34:57,914:INFO:PyCaret RegressionExperiment
2023-10-12 10:34:57,915:INFO:Logging name: reg-default-name
2023-10-12 10:34:57,915:INFO:ML Usecase: MLUsecase.REGRESSION
2023-10-12 10:34:57,915:INFO:version 3.1.0
2023-10-12 10:34:57,915:INFO:Initializing setup()
2023-10-12 10:34:57,915:INFO:self.USI: 28e5
2023-10-12 10:34:57,915:INFO:self._variable_keys: {'memory', 'X_test', 'n_jobs_param', 'exp_id', 'data', 'fold_groups_param', 'fold_generator', 'X', '_available_plots', 'gpu_n_jobs_param', 'X_train', 'logging_param', 'exp_name_log', 'y_test', 'y_train', 'idx', 'USI', 'fold_shuffle_param', 'seed', 'log_plots_param', 'y', '_ml_usecase', 'gpu_param', 'target_param', 'html_param', 'transform_target_param', 'pipeline'}
2023-10-12 10:34:57,915:INFO:Checking environment
2023-10-12 10:34:57,915:INFO:python_version: 3.8.18
2023-10-12 10:34:57,915:INFO:python_build: ('default', 'Sep 11 2023 13:39:12')
2023-10-12 10:34:57,915:INFO:machine: AMD64
2023-10-12 10:34:57,915:INFO:platform: Windows-10-10.0.22621-SP0
2023-10-12 10:34:57,915:INFO:Memory: svmem(total=16309932032, available=2783621120, percent=82.9, used=13526310912, free=2783621120)
2023-10-12 10:34:57,916:INFO:Physical Core: 6
2023-10-12 10:34:57,916:INFO:Logical Core: 12
2023-10-12 10:34:57,916:INFO:Checking libraries
2023-10-12 10:34:57,916:INFO:System:
2023-10-12 10:34:57,916:INFO:    python: 3.8.18 (default, Sep 11 2023, 13:39:12) [MSC v.1916 64 bit (AMD64)]
2023-10-12 10:34:57,916:INFO:executable: c:\Users\nasut\anaconda3\envs\PyCaretEnv\python.exe
2023-10-12 10:34:57,916:INFO:   machine: Windows-10-10.0.22621-SP0
2023-10-12 10:34:57,916:INFO:PyCaret required dependencies:
2023-10-12 10:34:57,916:INFO:                 pip: 23.2.1
2023-10-12 10:34:57,916:INFO:          setuptools: 68.0.0
2023-10-12 10:34:57,916:INFO:             pycaret: 3.1.0
2023-10-12 10:34:57,916:INFO:             IPython: 8.12.3
2023-10-12 10:34:57,916:INFO:          ipywidgets: 8.1.1
2023-10-12 10:34:57,916:INFO:                tqdm: 4.66.1
2023-10-12 10:34:57,917:INFO:               numpy: 1.23.5
2023-10-12 10:34:57,917:INFO:              pandas: 1.5.3
2023-10-12 10:34:57,917:INFO:              jinja2: 3.1.2
2023-10-12 10:34:57,917:INFO:               scipy: 1.10.1
2023-10-12 10:34:57,917:INFO:              joblib: 1.3.2
2023-10-12 10:34:57,917:INFO:             sklearn: 1.2.2
2023-10-12 10:34:57,917:INFO:                pyod: 1.1.0
2023-10-12 10:34:57,917:INFO:            imblearn: 0.11.0
2023-10-12 10:34:57,917:INFO:   category_encoders: 2.6.2
2023-10-12 10:34:57,917:INFO:            lightgbm: 4.1.0
2023-10-12 10:34:57,917:INFO:               numba: 0.58.0
2023-10-12 10:34:57,917:INFO:            requests: 2.31.0
2023-10-12 10:34:57,917:INFO:          matplotlib: 3.7.3
2023-10-12 10:34:57,917:INFO:          scikitplot: 0.3.7
2023-10-12 10:34:57,917:INFO:         yellowbrick: 1.5
2023-10-12 10:34:57,917:INFO:              plotly: 5.17.0
2023-10-12 10:34:57,917:INFO:    plotly-resampler: Not installed
2023-10-12 10:34:57,917:INFO:             kaleido: 0.2.1
2023-10-12 10:34:57,917:INFO:           schemdraw: 0.15
2023-10-12 10:34:57,917:INFO:         statsmodels: 0.14.0
2023-10-12 10:34:57,917:INFO:              sktime: 0.21.1
2023-10-12 10:34:57,917:INFO:               tbats: 1.1.3
2023-10-12 10:34:57,917:INFO:            pmdarima: 2.0.3
2023-10-12 10:34:57,918:INFO:              psutil: 5.9.5
2023-10-12 10:34:57,918:INFO:          markupsafe: 2.1.3
2023-10-12 10:34:57,918:INFO:             pickle5: Not installed
2023-10-12 10:34:57,918:INFO:         cloudpickle: 2.2.1
2023-10-12 10:34:57,918:INFO:         deprecation: 2.1.0
2023-10-12 10:34:57,918:INFO:              xxhash: 3.4.1
2023-10-12 10:34:57,918:INFO:           wurlitzer: Not installed
2023-10-12 10:34:57,918:INFO:PyCaret optional dependencies:
2023-10-12 10:34:57,918:INFO:                shap: Not installed
2023-10-12 10:34:57,918:INFO:           interpret: Not installed
2023-10-12 10:34:57,918:INFO:                umap: Not installed
2023-10-12 10:34:57,918:INFO:     ydata_profiling: Not installed
2023-10-12 10:34:57,918:INFO:  explainerdashboard: Not installed
2023-10-12 10:34:57,918:INFO:             autoviz: Not installed
2023-10-12 10:34:57,918:INFO:           fairlearn: Not installed
2023-10-12 10:34:57,918:INFO:          deepchecks: Not installed
2023-10-12 10:34:57,918:INFO:             xgboost: 2.0.0
2023-10-12 10:34:57,918:INFO:            catboost: Not installed
2023-10-12 10:34:57,918:INFO:              kmodes: Not installed
2023-10-12 10:34:57,918:INFO:             mlxtend: Not installed
2023-10-12 10:34:57,918:INFO:       statsforecast: Not installed
2023-10-12 10:34:57,918:INFO:        tune_sklearn: Not installed
2023-10-12 10:34:57,918:INFO:                 ray: Not installed
2023-10-12 10:34:57,918:INFO:            hyperopt: Not installed
2023-10-12 10:34:57,918:INFO:              optuna: Not installed
2023-10-12 10:34:57,918:INFO:               skopt: Not installed
2023-10-12 10:34:57,918:INFO:              mlflow: Not installed
2023-10-12 10:34:57,919:INFO:              gradio: Not installed
2023-10-12 10:34:57,919:INFO:             fastapi: Not installed
2023-10-12 10:34:57,919:INFO:             uvicorn: Not installed
2023-10-12 10:34:57,919:INFO:              m2cgen: Not installed
2023-10-12 10:34:57,919:INFO:           evidently: Not installed
2023-10-12 10:34:57,919:INFO:               fugue: Not installed
2023-10-12 10:34:57,919:INFO:           streamlit: 1.27.2
2023-10-12 10:34:57,919:INFO:             prophet: Not installed
2023-10-12 10:34:57,919:INFO:None
2023-10-12 10:34:57,919:INFO:Set up data.
2023-10-12 10:34:58,671:INFO:Set up folding strategy.
2023-10-12 10:34:58,672:INFO:Set up train/test split.
2023-10-12 10:34:59,134:INFO:Set up index.
2023-10-12 10:34:59,167:INFO:Assigning column types.
2023-10-12 10:34:59,400:INFO:Engine successfully changes for model 'lr' to 'sklearn'.
2023-10-12 10:34:59,401:INFO:Engine for model 'lasso' has not been set explicitly, hence returning None.
2023-10-12 10:34:59,410:INFO:Engine for model 'ridge' has not been set explicitly, hence returning None.
2023-10-12 10:34:59,477:INFO:Engine for model 'en' has not been set explicitly, hence returning None.
2023-10-12 10:34:59,724:INFO:Engine for model 'svm' has not been set explicitly, hence returning None.
2023-10-12 10:34:59,786:INFO:Engine for model 'knn' has not been set explicitly, hence returning None.
2023-10-12 10:34:59,787:INFO:Soft dependency imported: xgboost: 2.0.0
2023-10-12 10:34:59,792:WARNING:
'catboost' is a soft dependency and not included in the pycaret installation. Please run: `pip install catboost` to install.
Alternately, you can install this by running `pip install pycaret[models]`
2023-10-12 10:34:59,793:INFO:Engine for model 'lasso' has not been set explicitly, hence returning None.
2023-10-12 10:34:59,799:INFO:Engine for model 'ridge' has not been set explicitly, hence returning None.
2023-10-12 10:34:59,804:INFO:Engine for model 'en' has not been set explicitly, hence returning None.
2023-10-12 10:35:00,074:INFO:Engine for model 'svm' has not been set explicitly, hence returning None.
2023-10-12 10:35:00,124:INFO:Engine for model 'knn' has not been set explicitly, hence returning None.
2023-10-12 10:35:00,124:INFO:Soft dependency imported: xgboost: 2.0.0
2023-10-12 10:35:00,127:WARNING:
'catboost' is a soft dependency and not included in the pycaret installation. Please run: `pip install catboost` to install.
Alternately, you can install this by running `pip install pycaret[models]`
2023-10-12 10:35:00,128:INFO:Engine successfully changes for model 'lasso' to 'sklearn'.
2023-10-12 10:35:00,134:INFO:Engine for model 'ridge' has not been set explicitly, hence returning None.
2023-10-12 10:35:00,138:INFO:Engine for model 'en' has not been set explicitly, hence returning None.
2023-10-12 10:35:00,399:INFO:Engine for model 'svm' has not been set explicitly, hence returning None.
2023-10-12 10:35:00,463:INFO:Engine for model 'knn' has not been set explicitly, hence returning None.
2023-10-12 10:35:00,463:INFO:Soft dependency imported: xgboost: 2.0.0
2023-10-12 10:35:00,467:WARNING:
'catboost' is a soft dependency and not included in the pycaret installation. Please run: `pip install catboost` to install.
Alternately, you can install this by running `pip install pycaret[models]`
2023-10-12 10:35:00,472:INFO:Engine for model 'ridge' has not been set explicitly, hence returning None.
2023-10-12 10:35:00,478:INFO:Engine for model 'en' has not been set explicitly, hence returning None.
2023-10-12 10:35:00,719:INFO:Engine for model 'svm' has not been set explicitly, hence returning None.
2023-10-12 10:35:00,772:INFO:Engine for model 'knn' has not been set explicitly, hence returning None.
2023-10-12 10:35:00,772:INFO:Soft dependency imported: xgboost: 2.0.0
2023-10-12 10:35:00,775:WARNING:
'catboost' is a soft dependency and not included in the pycaret installation. Please run: `pip install catboost` to install.
Alternately, you can install this by running `pip install pycaret[models]`
2023-10-12 10:35:00,825:INFO:Engine successfully changes for model 'ridge' to 'sklearn'.
2023-10-12 10:35:00,837:INFO:Engine for model 'en' has not been set explicitly, hence returning None.
2023-10-12 10:35:01,104:INFO:Engine for model 'svm' has not been set explicitly, hence returning None.
2023-10-12 10:35:01,159:INFO:Engine for model 'knn' has not been set explicitly, hence returning None.
2023-10-12 10:35:01,160:INFO:Soft dependency imported: xgboost: 2.0.0
2023-10-12 10:35:01,163:WARNING:
'catboost' is a soft dependency and not included in the pycaret installation. Please run: `pip install catboost` to install.
Alternately, you can install this by running `pip install pycaret[models]`
2023-10-12 10:35:01,174:INFO:Engine for model 'en' has not been set explicitly, hence returning None.
2023-10-12 10:35:01,408:INFO:Engine for model 'svm' has not been set explicitly, hence returning None.
2023-10-12 10:35:01,465:INFO:Engine for model 'knn' has not been set explicitly, hence returning None.
2023-10-12 10:35:01,466:INFO:Soft dependency imported: xgboost: 2.0.0
2023-10-12 10:35:01,470:WARNING:
'catboost' is a soft dependency and not included in the pycaret installation. Please run: `pip install catboost` to install.
Alternately, you can install this by running `pip install pycaret[models]`
2023-10-12 10:35:01,470:INFO:Engine successfully changes for model 'en' to 'sklearn'.
2023-10-12 10:35:01,715:INFO:Engine for model 'svm' has not been set explicitly, hence returning None.
2023-10-12 10:35:01,770:INFO:Engine for model 'knn' has not been set explicitly, hence returning None.
2023-10-12 10:35:01,770:INFO:Soft dependency imported: xgboost: 2.0.0
2023-10-12 10:35:01,774:WARNING:
'catboost' is a soft dependency and not included in the pycaret installation. Please run: `pip install catboost` to install.
Alternately, you can install this by running `pip install pycaret[models]`
2023-10-12 10:35:02,045:INFO:Engine for model 'svm' has not been set explicitly, hence returning None.
2023-10-12 10:35:02,097:INFO:Engine for model 'knn' has not been set explicitly, hence returning None.
2023-10-12 10:35:02,097:INFO:Soft dependency imported: xgboost: 2.0.0
2023-10-12 10:35:02,100:WARNING:
'catboost' is a soft dependency and not included in the pycaret installation. Please run: `pip install catboost` to install.
Alternately, you can install this by running `pip install pycaret[models]`
2023-10-12 10:35:02,100:INFO:Engine successfully changes for model 'knn' to 'sklearn'.
2023-10-12 10:35:02,351:INFO:Engine for model 'svm' has not been set explicitly, hence returning None.
2023-10-12 10:35:02,402:INFO:Soft dependency imported: xgboost: 2.0.0
2023-10-12 10:35:02,405:WARNING:
'catboost' is a soft dependency and not included in the pycaret installation. Please run: `pip install catboost` to install.
Alternately, you can install this by running `pip install pycaret[models]`
2023-10-12 10:35:02,641:INFO:Engine for model 'svm' has not been set explicitly, hence returning None.
2023-10-12 10:35:02,702:INFO:Soft dependency imported: xgboost: 2.0.0
2023-10-12 10:35:02,708:WARNING:
'catboost' is a soft dependency and not included in the pycaret installation. Please run: `pip install catboost` to install.
Alternately, you can install this by running `pip install pycaret[models]`
2023-10-12 10:35:02,708:INFO:Engine successfully changes for model 'svm' to 'sklearn'.
2023-10-12 10:35:03,044:INFO:Soft dependency imported: xgboost: 2.0.0
2023-10-12 10:35:03,044:WARNING:
'catboost' is a soft dependency and not included in the pycaret installation. Please run: `pip install catboost` to install.
Alternately, you can install this by running `pip install pycaret[models]`
2023-10-12 10:35:03,390:INFO:Soft dependency imported: xgboost: 2.0.0
2023-10-12 10:35:03,391:WARNING:
'catboost' is a soft dependency and not included in the pycaret installation. Please run: `pip install catboost` to install.
Alternately, you can install this by running `pip install pycaret[models]`
2023-10-12 10:35:03,391:INFO:Preparing preprocessing pipeline...
2023-10-12 10:35:03,391:INFO:Set up simple imputation.
2023-10-12 10:35:03,511:INFO:Set up encoding of categorical features.
2023-10-12 10:35:03,585:INFO:Set up column name cleaning.
2023-10-12 10:37:25,741:INFO:Initializing load_model()
2023-10-12 10:37:25,741:INFO:load_model(model_name=weather_extra_trees_regressor, platform=None, authentication=None, verbose=True)
2023-10-12 10:38:21,486:INFO:Initializing load_model()
2023-10-12 10:38:21,486:INFO:load_model(model_name=./models/weather_extra_trees_regressor, platform=None, authentication=None, verbose=True)
2023-10-12 10:38:52,477:INFO:Initializing load_model()
2023-10-12 10:38:52,477:INFO:load_model(model_name=.C:/Users/nasut/OneDrive/Documents/Kuliah/Semester 7/PKKM/BMKG/Project/models/weather_extra_trees_regressor.pkl, platform=None, authentication=None, verbose=True)
2023-10-12 10:38:57,041:INFO:Initializing load_model()
2023-10-12 10:38:57,041:INFO:load_model(model_name=C:/Users/nasut/OneDrive/Documents/Kuliah/Semester 7/PKKM/BMKG/Project/models/weather_extra_trees_regressor.pkl, platform=None, authentication=None, verbose=True)
2023-10-12 10:39:03,752:INFO:Initializing load_model()
2023-10-12 10:39:03,752:INFO:load_model(model_name=C:/Users/nasut/OneDrive/Documents/Kuliah/Semester 7/PKKM/BMKG/Project/models/weather_extra_trees_regressor.pkl, platform=None, authentication=None, verbose=True)
2023-10-12 10:39:16,623:INFO:Initializing load_model()
2023-10-12 10:39:16,623:INFO:load_model(model_name=C:/Users/nasut/OneDrive/Documents/Kuliah/Semester 7/PKKM/BMKG/Project/models/weather_extra_trees_regressor, platform=None, authentication=None, verbose=True)
2023-10-12 10:44:15,638:INFO:Initializing evaluate_model()
2023-10-12 10:44:15,638:INFO:evaluate_model(self=<pycaret.regression.oop.RegressionExperiment object at 0x0000022506D948E0>, estimator=Pipeline(memory=FastMemory(location=C:\Users\nasut\AppData\Local\Temp\joblib),
         steps=[('numerical_imputer',
                 TransformerWrapper(include=['lokasi', 'con_prec.mm.',
                                             'mic_prec.mm.', 'sha_prec.mm.',
                                             'suhu2m.degC.', 'dew2m.degC.',
                                             'rh2m...', 'wspeed.m.s.',
                                             'wdir.deg.', 'lcloud...',
                                             'mcloud...', 'hcloud...',
                                             'surpre.Pa.', 'clmix.kg.kg.',
                                             'wamix.kg.kg.', 'outlr.W.m2.',
                                             'pbl...
                 TransformerWrapper(include=['Date'],
                                    transformer=SimpleImputer(strategy='most_frequent'))),
                ('rest_encoding',
                 TransformerWrapper(include=['Date'],
                                    transformer=TargetEncoder(cols=['Date'],
                                                              handle_missing='return_nan'))),
                ('clean_column_names',
                 TransformerWrapper(transformer=CleanColumnNames())),
                ('trained_model',
                 ExtraTreesRegressor(n_jobs=-1, random_state=7907))]), fold=None, fit_kwargs=None, plot_kwargs=None, feature_name=None, groups=None)
2023-10-12 10:46:32,696:INFO:PyCaret RegressionExperiment
2023-10-12 10:46:32,697:INFO:Logging name: reg-default-name
2023-10-12 10:46:32,697:INFO:ML Usecase: MLUsecase.REGRESSION
2023-10-12 10:46:32,697:INFO:version 3.1.0
2023-10-12 10:46:32,697:INFO:Initializing setup()
2023-10-12 10:46:32,697:INFO:self.USI: c6eb
2023-10-12 10:46:32,697:INFO:self._variable_keys: {'memory', 'X_test', 'n_jobs_param', 'exp_id', 'data', 'fold_groups_param', 'fold_generator', 'X', '_available_plots', 'gpu_n_jobs_param', 'X_train', 'logging_param', 'exp_name_log', 'y_test', 'y_train', 'idx', 'USI', 'fold_shuffle_param', 'seed', 'log_plots_param', 'y', '_ml_usecase', 'gpu_param', 'target_param', 'html_param', 'transform_target_param', 'pipeline'}
2023-10-12 10:46:32,697:INFO:Checking environment
2023-10-12 10:46:32,697:INFO:python_version: 3.8.18
2023-10-12 10:46:32,697:INFO:python_build: ('default', 'Sep 11 2023 13:39:12')
2023-10-12 10:46:32,697:INFO:machine: AMD64
2023-10-12 10:46:32,697:INFO:platform: Windows-10-10.0.22621-SP0
2023-10-12 10:46:32,698:INFO:Memory: svmem(total=16309932032, available=2747363328, percent=83.2, used=13562568704, free=2747363328)
2023-10-12 10:46:32,698:INFO:Physical Core: 6
2023-10-12 10:46:32,698:INFO:Logical Core: 12
2023-10-12 10:46:32,698:INFO:Checking libraries
2023-10-12 10:46:32,699:INFO:System:
2023-10-12 10:46:32,699:INFO:    python: 3.8.18 (default, Sep 11 2023, 13:39:12) [MSC v.1916 64 bit (AMD64)]
2023-10-12 10:46:32,699:INFO:executable: c:\Users\nasut\anaconda3\envs\PyCaretEnv\python.exe
2023-10-12 10:46:32,699:INFO:   machine: Windows-10-10.0.22621-SP0
2023-10-12 10:46:32,699:INFO:PyCaret required dependencies:
2023-10-12 10:46:32,699:INFO:                 pip: 23.2.1
2023-10-12 10:46:32,699:INFO:          setuptools: 68.0.0
2023-10-12 10:46:32,699:INFO:             pycaret: 3.1.0
2023-10-12 10:46:32,699:INFO:             IPython: 8.12.3
2023-10-12 10:46:32,699:INFO:          ipywidgets: 8.1.1
2023-10-12 10:46:32,699:INFO:                tqdm: 4.66.1
2023-10-12 10:46:32,699:INFO:               numpy: 1.23.5
2023-10-12 10:46:32,699:INFO:              pandas: 1.5.3
2023-10-12 10:46:32,699:INFO:              jinja2: 3.1.2
2023-10-12 10:46:32,700:INFO:               scipy: 1.10.1
2023-10-12 10:46:32,700:INFO:              joblib: 1.3.2
2023-10-12 10:46:32,700:INFO:             sklearn: 1.2.2
2023-10-12 10:46:32,700:INFO:                pyod: 1.1.0
2023-10-12 10:46:32,700:INFO:            imblearn: 0.11.0
2023-10-12 10:46:32,700:INFO:   category_encoders: 2.6.2
2023-10-12 10:46:32,700:INFO:            lightgbm: 4.1.0
2023-10-12 10:46:32,700:INFO:               numba: 0.58.0
2023-10-12 10:46:32,700:INFO:            requests: 2.31.0
2023-10-12 10:46:32,700:INFO:          matplotlib: 3.7.3
2023-10-12 10:46:32,700:INFO:          scikitplot: 0.3.7
2023-10-12 10:46:32,700:INFO:         yellowbrick: 1.5
2023-10-12 10:46:32,700:INFO:              plotly: 5.17.0
2023-10-12 10:46:32,700:INFO:    plotly-resampler: Not installed
2023-10-12 10:46:32,700:INFO:             kaleido: 0.2.1
2023-10-12 10:46:32,700:INFO:           schemdraw: 0.15
2023-10-12 10:46:32,700:INFO:         statsmodels: 0.14.0
2023-10-12 10:46:32,700:INFO:              sktime: 0.21.1
2023-10-12 10:46:32,700:INFO:               tbats: 1.1.3
2023-10-12 10:46:32,700:INFO:            pmdarima: 2.0.3
2023-10-12 10:46:32,700:INFO:              psutil: 5.9.5
2023-10-12 10:46:32,700:INFO:          markupsafe: 2.1.3
2023-10-12 10:46:32,700:INFO:             pickle5: Not installed
2023-10-12 10:46:32,700:INFO:         cloudpickle: 2.2.1
2023-10-12 10:46:32,700:INFO:         deprecation: 2.1.0
2023-10-12 10:46:32,700:INFO:              xxhash: 3.4.1
2023-10-12 10:46:32,700:INFO:           wurlitzer: Not installed
2023-10-12 10:46:32,701:INFO:PyCaret optional dependencies:
2023-10-12 10:46:32,701:INFO:                shap: Not installed
2023-10-12 10:46:32,701:INFO:           interpret: Not installed
2023-10-12 10:46:32,701:INFO:                umap: Not installed
2023-10-12 10:46:32,701:INFO:     ydata_profiling: Not installed
2023-10-12 10:46:32,701:INFO:  explainerdashboard: Not installed
2023-10-12 10:46:32,701:INFO:             autoviz: Not installed
2023-10-12 10:46:32,701:INFO:           fairlearn: Not installed
2023-10-12 10:46:32,701:INFO:          deepchecks: Not installed
2023-10-12 10:46:32,701:INFO:             xgboost: 2.0.0
2023-10-12 10:46:32,701:INFO:            catboost: Not installed
2023-10-12 10:46:32,701:INFO:              kmodes: Not installed
2023-10-12 10:46:32,701:INFO:             mlxtend: Not installed
2023-10-12 10:46:32,701:INFO:       statsforecast: Not installed
2023-10-12 10:46:32,701:INFO:        tune_sklearn: Not installed
2023-10-12 10:46:32,701:INFO:                 ray: Not installed
2023-10-12 10:46:32,701:INFO:            hyperopt: Not installed
2023-10-12 10:46:32,701:INFO:              optuna: Not installed
2023-10-12 10:46:32,701:INFO:               skopt: Not installed
2023-10-12 10:46:32,701:INFO:              mlflow: Not installed
2023-10-12 10:46:32,701:INFO:              gradio: Not installed
2023-10-12 10:46:32,701:INFO:             fastapi: Not installed
2023-10-12 10:46:32,702:INFO:             uvicorn: Not installed
2023-10-12 10:46:32,702:INFO:              m2cgen: Not installed
2023-10-12 10:46:32,702:INFO:           evidently: Not installed
2023-10-12 10:46:32,703:INFO:               fugue: Not installed
2023-10-12 10:46:32,703:INFO:           streamlit: 1.27.2
2023-10-12 10:46:32,703:INFO:             prophet: Not installed
2023-10-12 10:46:32,703:INFO:None
2023-10-12 10:46:32,703:INFO:Set up data.
2023-10-12 10:46:34,173:INFO:Set up folding strategy.
2023-10-12 10:46:34,174:INFO:Set up train/test split.
2023-10-12 10:46:34,489:INFO:Set up index.
2023-10-12 10:46:34,515:INFO:Assigning column types.
2023-10-12 10:46:34,717:INFO:Engine successfully changes for model 'lr' to 'sklearn'.
2023-10-12 10:46:34,718:INFO:Engine for model 'lasso' has not been set explicitly, hence returning None.
2023-10-12 10:46:34,726:INFO:Engine for model 'ridge' has not been set explicitly, hence returning None.
2023-10-12 10:46:34,734:INFO:Engine for model 'en' has not been set explicitly, hence returning None.
2023-10-12 10:46:35,116:INFO:Engine for model 'svm' has not been set explicitly, hence returning None.
2023-10-12 10:46:35,168:INFO:Engine for model 'knn' has not been set explicitly, hence returning None.
2023-10-12 10:46:35,213:INFO:Soft dependency imported: xgboost: 2.0.0
2023-10-12 10:46:35,223:WARNING:
'catboost' is a soft dependency and not included in the pycaret installation. Please run: `pip install catboost` to install.
Alternately, you can install this by running `pip install pycaret[models]`
2023-10-12 10:46:35,225:INFO:Engine for model 'lasso' has not been set explicitly, hence returning None.
2023-10-12 10:46:35,230:INFO:Engine for model 'ridge' has not been set explicitly, hence returning None.
2023-10-12 10:46:35,234:INFO:Engine for model 'en' has not been set explicitly, hence returning None.
2023-10-12 10:46:35,472:INFO:Engine for model 'svm' has not been set explicitly, hence returning None.
2023-10-12 10:46:35,529:INFO:Engine for model 'knn' has not been set explicitly, hence returning None.
2023-10-12 10:46:35,530:INFO:Soft dependency imported: xgboost: 2.0.0
2023-10-12 10:46:35,533:WARNING:
'catboost' is a soft dependency and not included in the pycaret installation. Please run: `pip install catboost` to install.
Alternately, you can install this by running `pip install pycaret[models]`
2023-10-12 10:46:35,534:INFO:Engine successfully changes for model 'lasso' to 'sklearn'.
2023-10-12 10:46:35,539:INFO:Engine for model 'ridge' has not been set explicitly, hence returning None.
2023-10-12 10:46:35,545:INFO:Engine for model 'en' has not been set explicitly, hence returning None.
2023-10-12 10:46:35,781:INFO:Engine for model 'svm' has not been set explicitly, hence returning None.
2023-10-12 10:46:35,835:INFO:Engine for model 'knn' has not been set explicitly, hence returning None.
2023-10-12 10:46:35,836:INFO:Soft dependency imported: xgboost: 2.0.0
2023-10-12 10:46:35,839:WARNING:
'catboost' is a soft dependency and not included in the pycaret installation. Please run: `pip install catboost` to install.
Alternately, you can install this by running `pip install pycaret[models]`
2023-10-12 10:46:35,844:INFO:Engine for model 'ridge' has not been set explicitly, hence returning None.
2023-10-12 10:46:35,852:INFO:Engine for model 'en' has not been set explicitly, hence returning None.
2023-10-12 10:46:36,095:INFO:Engine for model 'svm' has not been set explicitly, hence returning None.
2023-10-12 10:46:36,150:INFO:Engine for model 'knn' has not been set explicitly, hence returning None.
2023-10-12 10:46:36,151:INFO:Soft dependency imported: xgboost: 2.0.0
2023-10-12 10:46:36,154:WARNING:
'catboost' is a soft dependency and not included in the pycaret installation. Please run: `pip install catboost` to install.
Alternately, you can install this by running `pip install pycaret[models]`
2023-10-12 10:46:36,154:INFO:Engine successfully changes for model 'ridge' to 'sklearn'.
2023-10-12 10:46:36,167:INFO:Engine for model 'en' has not been set explicitly, hence returning None.
2023-10-12 10:46:36,411:INFO:Engine for model 'svm' has not been set explicitly, hence returning None.
2023-10-12 10:46:36,467:INFO:Engine for model 'knn' has not been set explicitly, hence returning None.
2023-10-12 10:46:36,467:INFO:Soft dependency imported: xgboost: 2.0.0
2023-10-12 10:46:36,471:WARNING:
'catboost' is a soft dependency and not included in the pycaret installation. Please run: `pip install catboost` to install.
Alternately, you can install this by running `pip install pycaret[models]`
2023-10-12 10:46:36,481:INFO:Engine for model 'en' has not been set explicitly, hence returning None.
2023-10-12 10:46:36,720:INFO:Engine for model 'svm' has not been set explicitly, hence returning None.
2023-10-12 10:46:36,776:INFO:Engine for model 'knn' has not been set explicitly, hence returning None.
2023-10-12 10:46:36,776:INFO:Soft dependency imported: xgboost: 2.0.0
2023-10-12 10:46:36,776:WARNING:
'catboost' is a soft dependency and not included in the pycaret installation. Please run: `pip install catboost` to install.
Alternately, you can install this by running `pip install pycaret[models]`
2023-10-12 10:46:36,776:INFO:Engine successfully changes for model 'en' to 'sklearn'.
2023-10-12 10:46:37,027:INFO:Engine for model 'svm' has not been set explicitly, hence returning None.
2023-10-12 10:46:37,086:INFO:Engine for model 'knn' has not been set explicitly, hence returning None.
2023-10-12 10:46:37,086:INFO:Soft dependency imported: xgboost: 2.0.0
2023-10-12 10:46:37,086:WARNING:
'catboost' is a soft dependency and not included in the pycaret installation. Please run: `pip install catboost` to install.
Alternately, you can install this by running `pip install pycaret[models]`
2023-10-12 10:46:37,347:INFO:Engine for model 'svm' has not been set explicitly, hence returning None.
2023-10-12 10:46:37,426:INFO:Engine for model 'knn' has not been set explicitly, hence returning None.
2023-10-12 10:46:37,427:INFO:Soft dependency imported: xgboost: 2.0.0
2023-10-12 10:46:37,427:WARNING:
'catboost' is a soft dependency and not included in the pycaret installation. Please run: `pip install catboost` to install.
Alternately, you can install this by running `pip install pycaret[models]`
2023-10-12 10:46:37,427:INFO:Engine successfully changes for model 'knn' to 'sklearn'.
2023-10-12 10:46:37,701:INFO:Engine for model 'svm' has not been set explicitly, hence returning None.
2023-10-12 10:46:37,756:INFO:Soft dependency imported: xgboost: 2.0.0
2023-10-12 10:46:37,766:WARNING:
'catboost' is a soft dependency and not included in the pycaret installation. Please run: `pip install catboost` to install.
Alternately, you can install this by running `pip install pycaret[models]`
2023-10-12 10:46:38,036:INFO:Engine for model 'svm' has not been set explicitly, hence returning None.
2023-10-12 10:46:38,098:INFO:Soft dependency imported: xgboost: 2.0.0
2023-10-12 10:46:38,101:WARNING:
'catboost' is a soft dependency and not included in the pycaret installation. Please run: `pip install catboost` to install.
Alternately, you can install this by running `pip install pycaret[models]`
2023-10-12 10:46:38,101:INFO:Engine successfully changes for model 'svm' to 'sklearn'.
2023-10-12 10:46:38,432:INFO:Soft dependency imported: xgboost: 2.0.0
2023-10-12 10:46:38,436:WARNING:
'catboost' is a soft dependency and not included in the pycaret installation. Please run: `pip install catboost` to install.
Alternately, you can install this by running `pip install pycaret[models]`
2023-10-12 10:46:38,772:INFO:Soft dependency imported: xgboost: 2.0.0
2023-10-12 10:46:38,776:WARNING:
'catboost' is a soft dependency and not included in the pycaret installation. Please run: `pip install catboost` to install.
Alternately, you can install this by running `pip install pycaret[models]`
2023-10-12 10:46:38,777:INFO:Preparing preprocessing pipeline...
2023-10-12 10:46:38,777:INFO:Set up simple imputation.
2023-10-12 10:46:38,882:INFO:Set up encoding of categorical features.
2023-10-12 10:46:38,907:INFO:Set up column name cleaning.
2023-10-12 10:59:34,045:WARNING:c:\Users\nasut\anaconda3\envs\PyCaretEnv\lib\site-packages\numpy\core\_methods.py:236: RuntimeWarning: overflow encountered in multiply
  x = um.multiply(x, x, out=x)

2023-10-12 10:59:34,167:WARNING:c:\Users\nasut\anaconda3\envs\PyCaretEnv\lib\site-packages\numpy\core\_methods.py:247: RuntimeWarning: overflow encountered in reduce
  ret = umr_sum(x, axis, dtype, out, keepdims=keepdims, where=where)

2023-10-12 10:59:38,043:WARNING:c:\Users\nasut\anaconda3\envs\PyCaretEnv\lib\site-packages\pandas\core\arraylike.py:402: RuntimeWarning: divide by zero encountered in log
  result = getattr(ufunc, method)(*inputs, **kwargs)

